\BOOKMARK [1][-]{section.1}{Memoria descriptiva}{}% 1
\BOOKMARK [2][-]{subsection.1.1}{Antecedentes y objeto del proyecto}{section.1}% 2
\BOOKMARK [2][-]{subsection.1.2}{Ambito de aplicaci\363n}{section.1}% 3
\BOOKMARK [2][-]{subsection.1.3}{An\341lisis de soluciones al tracking de objetos}{section.1}% 4
\BOOKMARK [3][-]{subsubsection.1.3.1}{Wifi}{subsection.1.3}% 5
\BOOKMARK [3][-]{subsubsection.1.3.2}{GPS}{subsection.1.3}% 6
\BOOKMARK [3][-]{subsubsection.1.3.3}{Bluetooth Low Energy - Beacon}{subsection.1.3}% 7
\BOOKMARK [2][-]{subsection.1.4}{An\341lisis de opciones de subida de datos}{section.1}% 8
\BOOKMARK [3][-]{subsubsection.1.4.1}{MQTT}{subsection.1.4}% 9
\BOOKMARK [3][-]{subsubsection.1.4.2}{HTTP post}{subsection.1.4}% 10
\BOOKMARK [3][-]{subsubsection.1.4.3}{ESP Now}{subsection.1.4}% 11
\BOOKMARK [2][-]{subsection.1.5}{Resultados finales}{section.1}% 12
\BOOKMARK [2][-]{subsection.1.6}{Planificaci\363n}{section.1}% 13
\BOOKMARK [1][-]{section.2}{Memoria justificativa}{}% 14
\BOOKMARK [2][-]{subsection.2.1}{C\341lculos justificativos de la instalaci\363n}{section.2}% 15
\BOOKMARK [2][-]{subsection.2.2}{C\341lculo de distancia por RSSI}{section.2}% 16
\BOOKMARK [3][-]{subsubsection.2.2.1}{Rssi}{subsection.2.2}% 17
\BOOKMARK [3][-]{subsubsection.2.2.2}{Trilateraci\363n y posicionamiento}{subsection.2.2}% 18
\BOOKMARK [2][-]{subsection.2.3}{C\341lculo de consumos energ\351ticos}{section.2}% 19
\BOOKMARK [2][-]{subsection.2.4}{C\341lculo de ganancia de antenas}{section.2}% 20
\BOOKMARK [1][-]{section.3}{Planos}{}% 21
\BOOKMARK [2][-]{subsection.3.1}{Planos mec\341nicos}{section.3}% 22
\BOOKMARK [2][-]{subsection.3.2}{Plano el\351ctricos}{section.3}% 23
\BOOKMARK [1][-]{section.4}{Pliego de condiciones}{}% 24
\BOOKMARK [2][-]{subsection.4.1}{Prescripciones t\351nicas generales}{section.4}% 25
\BOOKMARK [3][-]{subsubsection.4.1.1}{Normativa relativa a radiofrecuencia}{subsection.4.1}% 26
\BOOKMARK [3][-]{subsubsection.4.1.2}{Normativa relativa a bluetooth y wifi}{subsection.4.1}% 27
\BOOKMARK [1][-]{section.5}{Presupuestos}{}% 28
\BOOKMARK [2][-]{subsection.5.1}{Precios unitarios}{section.5}% 29
\BOOKMARK [2][-]{subsection.5.2}{Presupuestos Parciales}{section.5}% 30
\BOOKMARK [3][-]{subsubsection.5.2.1}{Placa de circuito impreso emisor beacon}{subsection.5.2}% 31
\BOOKMARK [3][-]{subsubsection.5.2.2}{Placa de circuito impreso receptor o gateway}{subsection.5.2}% 32
\BOOKMARK [3][-]{subsubsection.5.2.3}{Desarrollo e instalaci\363n}{subsection.5.2}% 33
\BOOKMARK [2][-]{subsection.5.3}{Presupuestos Total}{section.5}% 34
\BOOKMARK [2][-]{subsection.5.4}{Factores econ\363micos y financieros}{section.5}% 35
\BOOKMARK [3][-]{subsubsection.5.4.1}{TIR y VAN}{subsection.5.4}% 36
\BOOKMARK [1][-]{section.6}{Bibliograf\355a}{}% 37
