This is pdfTeX, Version 3.14159265-2.6-1.40.21 (MiKTeX 2.9.7400 64-bit) (preloaded format=pdflatex 2020.5.9)  29 NOV 2020 17:02
entering extended mode
**"c:/Users/Tecnica2/Desktop/work/TFM--Bluetooth-Beacon-Tracking-/Technical project/Memmory/rarced_memmory.tex"
("c:/Users/Tecnica2/Desktop/work/TFM--Bluetooth-Beacon-Tracking-/Technical project/Memmory/rarced_memmory.tex"
LaTeX2e <2020-02-02> patch level 5
L3 programming layer <2020-04-06> ("C:\Program Files\MiKTeX 2.9\tex/latex/base\article.cls"
Document Class: article 2019/12/20 v1.4l Standard LaTeX document class
("C:\Program Files\MiKTeX 2.9\tex/latex/base\size12.clo"
File: size12.clo 2019/12/20 v1.4l Standard LaTeX file (size option)
)
\c@part=\count167
\c@section=\count168
\c@subsection=\count169
\c@subsubsection=\count170
\c@paragraph=\count171
\c@subparagraph=\count172
\c@figure=\count173
\c@table=\count174
\abovecaptionskip=\skip47
\belowcaptionskip=\skip48
\bibindent=\dimen134
) ("C:\Program Files\MiKTeX 2.9\tex/latex/base\inputenc.sty"
Package: inputenc 2018/08/11 v1.3c Input encoding file
\inpenc@prehook=\toks15
\inpenc@posthook=\toks16
) ("C:\Program Files\MiKTeX 2.9\tex/generic/babel\babel.sty"
Package: babel 2020/03/22 3.42 The Babel package
 ("C:\Program Files\MiKTeX 2.9\tex/generic/babel\switch.def"
File: switch.def 2020/03/22 3.42 Babel switching mechanism
)
*************************************
* Local config file bblopts.cfg used
*
("C:\Program Files\MiKTeX 2.9\tex/latex/arabi\bblopts.cfg"
File: bblopts.cfg 2005/09/08 v0.1 add Arabic and Farsi to "declared" options of babel
) ("C:\Program Files\MiKTeX 2.9\tex/latex/babel-spanish\spanish.ldf"
Language: spanish.ldf 2016/03/03 v5.0p Spanish support from the babel system
 ("C:\Program Files\MiKTeX 2.9\tex/generic/babel\babel.def"
File: babel.def 2020/03/22 3.42 Babel common definitions
\babel@savecnt=\count175
\U@D=\dimen135
 ("C:\Program Files\MiKTeX 2.9\tex/generic/babel\txtbabel.def")
\bbl@readstream=\read2
\bbl@dirlevel=\count176
)
\es@quottoks=\toks17
\es@quotdepth=\count177
Package babel Info: Making " an active character on input line 561.
Package babel Info: Making . an active character on input line 662.
Package babel Info: Making < an active character on input line 707.
Package babel Info: Making > an active character on input line 707.
)) ("C:\Program Files\MiKTeX 2.9\tex/latex/hyperref\hyperref.sty"
Package: hyperref 2020/01/14 v7.00d Hypertext links for LaTeX
 ("C:\Program Files\MiKTeX 2.9\tex/generic/ltxcmds\ltxcmds.sty"
Package: ltxcmds 2019/12/15 v1.24 LaTeX kernel commands for general use (HO)
) ("C:\Program Files\MiKTeX 2.9\tex/generic/iftex\iftex.sty"
Package: iftex 2020/03/06 v1.0d TeX engine tests
) ("C:\Program Files\MiKTeX 2.9\tex/latex/pdftexcmds\pdftexcmds.sty"
Package: pdftexcmds 2019/11/24 v0.31 Utility functions of pdfTeX for LuaTeX (HO)
 ("C:\Program Files\MiKTeX 2.9\tex/generic/infwarerr\infwarerr.sty"
Package: infwarerr 2019/12/03 v1.5 Providing info/warning/error messages (HO)
)
Package pdftexcmds Info: \pdf@primitive is available.
Package pdftexcmds Info: \pdf@ifprimitive is available.
Package pdftexcmds Info: \pdfdraftmode found.
) ("C:\Program Files\MiKTeX 2.9\tex/latex/graphics\keyval.sty"
Package: keyval 2014/10/28 v1.15 key=value parser (DPC)
\KV@toks@=\toks18
) ("C:\Program Files\MiKTeX 2.9\tex/generic/kvsetkeys\kvsetkeys.sty"
Package: kvsetkeys 2019/12/15 v1.18 Key value parser (HO)
) ("C:\Program Files\MiKTeX 2.9\tex/generic/kvdefinekeys\kvdefinekeys.sty"
Package: kvdefinekeys 2019-12-19 v1.6 Define keys (HO)
) ("C:\Program Files\MiKTeX 2.9\tex/generic/pdfescape\pdfescape.sty"
Package: pdfescape 2019/12/09 v1.15 Implements pdfTeX's escape features (HO)
) ("C:\Program Files\MiKTeX 2.9\tex/latex/hycolor\hycolor.sty"
Package: hycolor 2020-01-27 v1.10 Color options for hyperref/bookmark (HO)
) ("C:\Program Files\MiKTeX 2.9\tex/latex/letltxmacro\letltxmacro.sty"
Package: letltxmacro 2019/12/03 v1.6 Let assignment for LaTeX macros (HO)
) ("C:\Program Files\MiKTeX 2.9\tex/latex/auxhook\auxhook.sty"
Package: auxhook 2019-12-17 v1.6 Hooks for auxiliary files (HO)
) ("C:\Program Files\MiKTeX 2.9\tex/latex/kvoptions\kvoptions.sty"
Package: kvoptions 2019/11/29 v3.13 Key value format for package options (HO)
)
\@linkdim=\dimen136
\Hy@linkcounter=\count178
\Hy@pagecounter=\count179
 ("C:\Program Files\MiKTeX 2.9\tex/latex/hyperref\pd1enc.def"
File: pd1enc.def 2020/01/14 v7.00d Hyperref: PDFDocEncoding definition (HO)
Now handling font encoding PD1 ...
... no UTF-8 mapping file for font encoding PD1
) ("C:\Program Files\MiKTeX 2.9\tex/generic/intcalc\intcalc.sty"
Package: intcalc 2019/12/15 v1.3 Expandable calculations with integers (HO)
) ("C:\Program Files\MiKTeX 2.9\tex/generic/etexcmds\etexcmds.sty"
Package: etexcmds 2019/12/15 v1.7 Avoid name clashes with e-TeX commands (HO)
)
\Hy@SavedSpaceFactor=\count180
Package hyperref Info: Hyper figures OFF on input line 4547.
Package hyperref Info: Link nesting OFF on input line 4552.
Package hyperref Info: Hyper index ON on input line 4555.
Package hyperref Info: Plain pages OFF on input line 4562.
Package hyperref Info: Backreferencing OFF on input line 4567.
Package hyperref Info: Implicit mode ON; LaTeX internals redefined.
Package hyperref Info: Bookmarks ON on input line 4800.
\c@Hy@tempcnt=\count181
 ("C:\Program Files\MiKTeX 2.9\tex/latex/url\url.sty"
\Urlmuskip=\muskip16
Package: url 2013/09/16  ver 3.4  Verb mode for urls, etc.
)
LaTeX Info: Redefining \url on input line 5159.
\XeTeXLinkMargin=\dimen137
 ("C:\Program Files\MiKTeX 2.9\tex/generic/bitset\bitset.sty"
Package: bitset 2019/12/09 v1.3 Handle bit-vector datatype (HO)
 ("C:\Program Files\MiKTeX 2.9\tex/generic/bigintcalc\bigintcalc.sty"
Package: bigintcalc 2019/12/15 v1.5 Expandable calculations on big integers (HO)
))
\Fld@menulength=\count182
\Field@Width=\dimen138
\Fld@charsize=\dimen139
Package hyperref Info: Hyper figures OFF on input line 6430.
Package hyperref Info: Link nesting OFF on input line 6435.
Package hyperref Info: Hyper index ON on input line 6438.
Package hyperref Info: backreferencing OFF on input line 6445.
Package hyperref Info: Link coloring OFF on input line 6450.
Package hyperref Info: Link coloring with OCG OFF on input line 6455.
Package hyperref Info: PDF/A mode OFF on input line 6460.
LaTeX Info: Redefining \ref on input line 6500.
LaTeX Info: Redefining \pageref on input line 6504.
 ("C:\Program Files\MiKTeX 2.9\tex/generic/atbegshi\atbegshi.sty"
Package: atbegshi 2019/12/05 v1.19 At begin shipout hook (HO)
)
\Hy@abspage=\count183
\c@Item=\count184
\c@Hfootnote=\count185
)
Package hyperref Info: Driver (autodetected): hpdftex.
 ("C:\Program Files\MiKTeX 2.9\tex/latex/hyperref\hpdftex.def"
File: hpdftex.def 2020/01/14 v7.00d Hyperref driver for pdfTeX
 ("C:\Program Files\MiKTeX 2.9\tex/latex/atveryend\atveryend.sty"
Package: atveryend 2019-12-11 v1.11 Hooks at the very end of document (HO)
Package atveryend Info: \enddocument detected (standard20110627).
)
\Fld@listcount=\count186
\c@bookmark@seq@number=\count187
 ("C:\Program Files\MiKTeX 2.9\tex/latex/rerunfilecheck\rerunfilecheck.sty"
Package: rerunfilecheck 2019/12/05 v1.9 Rerun checks for auxiliary files (HO)
 ("C:\Program Files\MiKTeX 2.9\tex/generic/uniquecounter\uniquecounter.sty"
Package: uniquecounter 2019/12/15 v1.4 Provide unlimited unique counter (HO)
)
Package uniquecounter Info: New unique counter `rerunfilecheck' on input line 286.
)
\Hy@SectionHShift=\skip49
) ("C:\Program Files\MiKTeX 2.9\tex/latex/graphics\graphicx.sty"
Package: graphicx 2019/11/30 v1.2a Enhanced LaTeX Graphics (DPC,SPQR)
 ("C:\Program Files\MiKTeX 2.9\tex/latex/graphics\graphics.sty"
Package: graphics 2019/11/30 v1.4a Standard LaTeX Graphics (DPC,SPQR)
 ("C:\Program Files\MiKTeX 2.9\tex/latex/graphics\trig.sty"
Package: trig 2016/01/03 v1.10 sin cos tan (DPC)
) ("C:\Program Files\MiKTeX 2.9\tex/latex/graphics-cfg\graphics.cfg"
File: graphics.cfg 2016/06/04 v1.11 sample graphics configuration
)
Package graphics Info: Driver file: pdftex.def on input line 105.
 ("C:\Program Files\MiKTeX 2.9\tex/latex/graphics-def\pdftex.def"
File: pdftex.def 2018/01/08 v1.0l Graphics/color driver for pdftex
))
\Gin@req@height=\dimen140
\Gin@req@width=\dimen141
) ("C:\Program Files\MiKTeX 2.9\tex/latex/xcolor\xcolor.sty"
Package: xcolor 2016/05/11 v2.12 LaTeX color extensions (UK)
 ("C:\Program Files\MiKTeX 2.9\tex/latex/graphics-cfg\color.cfg"
File: color.cfg 2016/01/02 v1.6 sample color configuration
)
Package xcolor Info: Driver file: pdftex.def on input line 225.
Package xcolor Info: Model `cmy' substituted by `cmy0' on input line 1348.
Package xcolor Info: Model `hsb' substituted by `rgb' on input line 1352.
Package xcolor Info: Model `RGB' extended on input line 1364.
Package xcolor Info: Model `HTML' substituted by `rgb' on input line 1366.
Package xcolor Info: Model `Hsb' substituted by `hsb' on input line 1367.
Package xcolor Info: Model `tHsb' substituted by `hsb' on input line 1368.
Package xcolor Info: Model `HSB' substituted by `hsb' on input line 1369.
Package xcolor Info: Model `Gray' substituted by `gray' on input line 1370.
Package xcolor Info: Model `wave' substituted by `hsb' on input line 1371.
) ("C:\Program Files\MiKTeX 2.9\tex/latex/l3backend\l3backend-pdfmode.def"
File: l3backend-pdfmode.def 2020-03-12 L3 backend support: PDF mode
\l__kernel_color_stack_int=\count188
\l__pdf_internal_box=\box45
) ("c:/Users\Tecnica2\Desktop\work\TFM--Bluetooth-Beacon-Tracking-\Technical project\Memmory\rarced_memmory.aux"
LaTeX Info: Redefining \. on input line 24.
LaTeX Info: Redefining \% on input line 24.


LaTeX Warning: Label `fig:mesh8' multiply defined.

)
\openout1 = `rarced_memmory.aux'.

LaTeX Font Info:    Checking defaults for OML/cmm/m/it on input line 9.
LaTeX Font Info:    ... okay on input line 9.
LaTeX Font Info:    Checking defaults for OMS/cmsy/m/n on input line 9.
LaTeX Font Info:    ... okay on input line 9.
LaTeX Font Info:    Checking defaults for OT1/cmr/m/n on input line 9.
LaTeX Font Info:    ... okay on input line 9.
LaTeX Font Info:    Checking defaults for T1/cmr/m/n on input line 9.
LaTeX Font Info:    ... okay on input line 9.
LaTeX Font Info:    Checking defaults for TS1/cmr/m/n on input line 9.
LaTeX Font Info:    ... okay on input line 9.
LaTeX Font Info:    Checking defaults for OMX/cmex/m/n on input line 9.
LaTeX Font Info:    ... okay on input line 9.
LaTeX Font Info:    Checking defaults for U/cmr/m/n on input line 9.
LaTeX Font Info:    ... okay on input line 9.
LaTeX Font Info:    Checking defaults for PD1/pdf/m/n on input line 9.
LaTeX Font Info:    ... okay on input line 9.
LaTeX Info: Redefining \. on input line 9.
LaTeX Info: Redefining \% on input line 9.
\AtBeginShipoutBox=\box46
Package hyperref Info: Link coloring OFF on input line 9.
 ("C:\Program Files\MiKTeX 2.9\tex/latex/hyperref\nameref.sty"
Package: nameref 2019/09/16 v2.46 Cross-referencing by name of section
 ("C:\Program Files\MiKTeX 2.9\tex/latex/refcount\refcount.sty"
Package: refcount 2019/12/15 v3.6 Data extraction from label references (HO)
) ("C:\Program Files\MiKTeX 2.9\tex/generic/gettitlestring\gettitlestring.sty"
Package: gettitlestring 2019/12/15 v1.6 Cleanup title references (HO)
)
\c@section@level=\count189
)
LaTeX Info: Redefining \ref on input line 9.
LaTeX Info: Redefining \pageref on input line 9.
LaTeX Info: Redefining \nameref on input line 9.
 ("c:/Users\Tecnica2\Desktop\work\TFM--Bluetooth-Beacon-Tracking-\Technical project\Memmory\rarced_memmory.out") ("c:/Users\Tecnica2\Desktop\work\TFM--Bluetooth-Beacon-Tracking-\Technical project\Memmory\rarced_memmory.out")
\@outlinefile=\write3
\openout3 = `rarced_memmory.out'.

 ("C:\Program Files\MiKTeX 2.9\tex/context/base/mkii\supp-pdf.mkii"
[Loading MPS to PDF converter (version 2006.09.02).]
\scratchcounter=\count190
\scratchdimen=\dimen142
\scratchbox=\box47
\nofMPsegments=\count191
\nofMParguments=\count192
\everyMPshowfont=\toks19
\MPscratchCnt=\count193
\MPscratchDim=\dimen143
\MPnumerator=\count194
\makeMPintoPDFobject=\count195
\everyMPtoPDFconversion=\toks20
) ("C:\Program Files\MiKTeX 2.9\tex/latex/epstopdf-pkg\epstopdf-base.sty"
Package: epstopdf-base 2020-01-24 v2.11 Base part for package epstopdf
Package epstopdf-base Info: Redefining graphics rule for `.eps' on input line 485.
)
LaTeX Font Info:    External font `cmex10' loaded for size
(Font)              <14.4> on input line 14.
LaTeX Font Info:    External font `cmex10' loaded for size
(Font)              <7> on input line 14.
 [1

{C:/Users/Tecnica2/AppData/Local/MiKTeX/2.9/pdftex/config/pdftex.map}] ("c:/Users\Tecnica2\Desktop\work\TFM--Bluetooth-Beacon-Tracking-\Technical project\Memmory\rarced_memmory.toc"
LaTeX Info: Redefining \. on input line 1.
LaTeX Info: Redefining \% on input line 1.
LaTeX Font Info:    External font `cmex10' loaded for size
(Font)              <12> on input line 3.
LaTeX Font Info:    External font `cmex10' loaded for size
(Font)              <8> on input line 3.
LaTeX Font Info:    External font `cmex10' loaded for size
(Font)              <6> on input line 3.
 [2

])
\tf@toc=\write4
\openout4 = `rarced_memmory.toc'.

 ("c:/Users\Tecnica2\Desktop\work\TFM--Bluetooth-Beacon-Tracking-\Technical project\Memmory\rarced_memmory.lof"
LaTeX Info: Redefining \. on input line 1.
LaTeX Info: Redefining \% on input line 1.
)
\tf@lof=\write5
\openout5 = `rarced_memmory.lof'.

 ("c:/Users\Tecnica2\Desktop\work\TFM--Bluetooth-Beacon-Tracking-\Technical project\Memmory\rarced_memmory.lot"
LaTeX Info: Redefining \. on input line 1.
LaTeX Info: Redefining \% on input line 1.
)
\tf@lot=\write6
\openout6 = `rarced_memmory.lot'.

 [3] [4

]
Overfull \hbox (4.46951pt too wide) in paragraph at lines 64--66
[]\OT1/cmr/m/n/12 Seguridad: Tan so-lo los em-plea-dos con au-to-ri-za-cion y pro-xi-mi-dad podran
 []

[5]
<./images/WifiCounting.jpg, id=279, 752.8125pt x 393.47pt>
File: ./images/WifiCounting.jpg Graphic file (type jpg)
<use ./images/WifiCounting.jpg>
Package pdftex.def Info: ./images/WifiCounting.jpg  used on input line 92.
(pdftex.def)             Requested size: 155.99762pt x 81.53242pt.
 [6 <./images/WifiCounting.jpg>]
Overfull \hbox (12.69028pt too wide) in paragraph at lines 117--120
[]\OT1/cmr/m/n/12 La tec-no-loga Blue-tooth es un es-tan-dar in-dus-trial pa-ra co-ne-xio-nes inalambri-
 []

[7]
<./images/tipos_beacon_ibeacon.PNG, id=296, 608.2725pt x 243.91125pt>
File: ./images/tipos_beacon_ibeacon.PNG Graphic file (type png)
<use ./images/tipos_beacon_ibeacon.PNG>
Package pdftex.def Info: ./images/tipos_beacon_ibeacon.PNG  used on input line 144.
(pdftex.def)             Requested size: 234.00238pt x 93.82982pt.
<./images/tipos_beacon_edison.PNG, id=298, 640.3925pt x 360.34625pt>
File: ./images/tipos_beacon_edison.PNG Graphic file (type png)
<use ./images/tipos_beacon_edison.PNG>
Package pdftex.def Info: ./images/tipos_beacon_edison.PNG  used on input line 159.
(pdftex.def)             Requested size: 195.0pt x 109.72124pt.


LaTeX Warning: `h' float specifier changed to `ht'.

[8 <./images/tipos_beacon_ibeacon.PNG>] [9 <./images/tipos_beacon_edison.PNG>] [10]
<./images/espnow.PNG, id=318, 508.90125pt x 291.33844pt>
File: ./images/espnow.PNG Graphic file (type png)
<use ./images/espnow.PNG>
Package pdftex.def Info: ./images/espnow.PNG  used on input line 219.
(pdftex.def)             Requested size: 155.99762pt x 89.30486pt.
 [11 <./images/espnow.PNG>]
<./images/diagrama de gantt.PNG, id=327, 634.62094pt x 240.9pt>
File: ./images/diagrama de gantt.PNG Graphic file (type png)
<use ./images/diagrama de gantt.PNG>
Package pdftex.def Info: ./images/diagrama de gantt.PNG  used on input line 282.
(pdftex.def)             Requested size: 390.0pt x 148.04785pt.


LaTeX Warning: `h' float specifier changed to `ht'.

[12] [13 <./images/diagrama de gantt.PNG>]
<./images/1_beacon_2_meters.PNG, id=343, 939.51pt x 569.87906pt>
File: ./images/1_beacon_2_meters.PNG Graphic file (type png)
<use ./images/1_beacon_2_meters.PNG>
Package pdftex.def Info: ./images/1_beacon_2_meters.PNG  used on input line 343.
(pdftex.def)             Requested size: 234.00238pt x 141.93896pt.
<./images/1_beacon_3_meters.PNG, id=344, 956.82469pt x 526.21594pt>
File: ./images/1_beacon_3_meters.PNG Graphic file (type png)
<use ./images/1_beacon_3_meters.PNG>
Package pdftex.def Info: ./images/1_beacon_3_meters.PNG  used on input line 344.
(pdftex.def)             Requested size: 214.50119pt x 117.96791pt.


LaTeX Warning: `h' float specifier changed to `ht'.

<./images/10min_2beacons_same_distance.PNG, id=345, 1561.33313pt x 642.90187pt>
File: ./images/10min_2beacons_same_distance.PNG Graphic file (type png)
<use ./images/10min_2beacons_same_distance.PNG>
Package pdftex.def Info: ./images/10min_2beacons_same_distance.PNG  used on input line 357.
(pdftex.def)             Requested size: 234.00238pt x 96.35263pt.

LaTeX Warning: `h' float specifier changed to `ht'.

[14]

LaTeX Warning: Command \textperiodcentered invalid in math mode on input line 367.


LaTeX Warning: Command \textperiodcentered invalid in math mode on input line 367.


LaTeX Warning: Command \textperiodcentered invalid in math mode on input line 367.


LaTeX Warning: Command \textperiodcentered invalid in math mode on input line 367.

Missing character: There is no · in font cmr12!
Missing character: There is no · in font cmr12!
[15 <./images/1_beacon_2_meters.PNG> <./images/1_beacon_3_meters.PNG>]
<./images/trilateration_circle.png, id=374, 413.1435pt x 302.3295pt>
File: ./images/trilateration_circle.png Graphic file (type png)
<use ./images/trilateration_circle.png>
Package pdftex.def Info: ./images/trilateration_circle.png  used on input line 378.
(pdftex.def)             Requested size: 155.99762pt x 114.1529pt.

Overfull \hbox (17.5502pt too wide) in paragraph at lines 393--397
[]$\OT1/cmtt/m/n/12 https : / / journals . sagepub . com / doi / full / 10 . 1155 / 2014 / 371350# : [] : text =
 []

[16 <./images/10min_2beacons_same_distance.PNG> <./images/trilateration_circle.png>] [17]
Overfull \hbox (3.43398pt too wide) in paragraph at lines 457--468
 [] 
 []

[18]
Overfull \hbox (23.93245pt too wide) in paragraph at lines 487--506
 [] 
 []

[19]
<./images/antenna_design.png, id=404, 477.28313pt x 565.36218pt>
File: ./images/antenna_design.png Graphic file (type png)
<use ./images/antenna_design.png>
Package pdftex.def Info: ./images/antenna_design.png  used on input line 546.
(pdftex.def)             Requested size: 155.99762pt x 184.78436pt.
<./images/antenna_design_monopole.png, id=405, 397.485pt x 424.58624pt>
File: ./images/antenna_design_monopole.png Graphic file (type png)
<use ./images/antenna_design_monopole.png>
Package pdftex.def Info: ./images/antenna_design_monopole.png  used on input line 547.
(pdftex.def)             Requested size: 175.49881pt x 187.46638pt.
 [20 <./images/antenna_design.png> <./images/antenna_design_monopole.png>]
<./images/antenna_types.PNG, id=413, 414.04688pt x 228.855pt>
File: ./images/antenna_types.PNG Graphic file (type png)
<use ./images/antenna_types.PNG>
Package pdftex.def Info: ./images/antenna_types.PNG  used on input line 562.
(pdftex.def)             Requested size: 312.00119pt x 172.45447pt.
<./images/antennas_variety.jpeg, id=414, 1138.2525pt x 2023.56pt>
File: ./images/antennas_variety.jpeg Graphic file (type jpg)
<use ./images/antennas_variety.jpeg>
Package pdftex.def Info: ./images/antennas_variety.jpeg  used on input line 578.
(pdftex.def)             Requested size: 312.00119pt x 554.67442pt.


LaTeX Warning: `h' float specifier changed to `ht'.

[21 <./images/antenna_types.PNG>] [22] [23] [24]
Overfull \hbox (17.7018pt too wide) in paragraph at lines 711--721
 [] 
 []

[25]
Package atveryend Info: Empty hook `BeforeClearDocument' on input line 783.
 [26] [27 <./images/antennas_variety.jpeg>]
Package atveryend Info: Empty hook `AfterLastShipout' on input line 783.
 ("c:/Users\Tecnica2\Desktop\work\TFM--Bluetooth-Beacon-Tracking-\Technical project\Memmory\rarced_memmory.aux"
LaTeX Info: Redefining \. on input line 24.
LaTeX Info: Redefining \% on input line 24.
)
Package atveryend Info: Executing hook `AtVeryEndDocument' on input line 783.
Package atveryend Info: Executing hook `AtEndAfterFileList' on input line 783.
Package rerunfilecheck Info: File `rarced_memmory.out' has not changed.
(rerunfilecheck)             Checksum: 6F9A923F7CE40942D58E6A2CDD897631;2874.


LaTeX Warning: There were multiply-defined labels.

Package atveryend Info: Empty hook `AtVeryVeryEnd' on input line 783.
 ) 
Here is how much of TeX's memory you used:
 6949 strings out of 480930
 106009 string characters out of 2909539
 385932 words of memory out of 3000000
 22552 multiletter control sequences out of 15000+200000
 538359 words of font info for 44 fonts, out of 3000000 for 9000
 1141 hyphenation exceptions out of 8191
 34i,7n,37p,547b,655s stack positions out of 5000i,500n,10000p,200000b,50000s
 <C:\Users\Tecnica2\AppData\Local\MiKTeX\2.9\fonts/pk/ljfour/jknappen/ec/dpi600\tcrm1200.pk><C:/Program Files/MiKTeX 2.9/fonts/type1/public/amsfonts/cm/cmbx12.pfb><C:/Program Files/MiKTeX 2.9/fonts/type1/public/amsfonts/cm/cmex10.pfb><C:/Program Files/MiKTeX 2.9/fonts/type1/public/amsfonts/cm/cmmi12.pfb><C:/Program Files/MiKTeX 2.9/fonts/type1/public/amsfonts/cm/cmmi6.pfb><C:/Program Files/MiKTeX 2.9/fonts/type1/public/amsfonts/cm/cmmi8.pfb><C:/Program Files/MiKTeX 2.9/fonts/type1/public/amsfonts/cm/cmr12.pfb><C:/Program Files/MiKTeX 2.9/fonts/type1/public/amsfonts/cm/cmr17.pfb><C:/Program Files/MiKTeX 2.9/fonts/type1/public/amsfonts/cm/cmr6.pfb><C:/Program Files/MiKTeX 2.9/fonts/type1/public/amsfonts/cm/cmr8.pfb><C:/Program Files/MiKTeX 2.9/fonts/type1/public/amsfonts/cm/cmsy10.pfb><C:/Program Files/MiKTeX 2.9/fonts/type1/public/amsfonts/cm/cmsy6.pfb><C:/Program Files/MiKTeX 2.9/fonts/type1/public/amsfonts/cm/cmsy8.pfb><C:/Program Files/MiKTeX 2.9/fonts/type1/public/amsfonts/cm/cmti12.pfb><C:/Program Files/MiKTeX 2.9/fonts/type1/public/amsfonts/cm/cmtt12.pfb>
Output written on "c:/Users\Tecnica2\Desktop\work\TFM--Bluetooth-Beacon-Tracking-\Technical project\Memmory\rarced_memmory.pdf" (27 pages, 1351410 bytes).
PDF statistics:
 538 PDF objects out of 1000 (max. 8388607)
 143 named destinations out of 1000 (max. 500000)
 370 words of extra memory for PDF output out of 10000 (max. 10000000)

